0 info it worked if it ends with ok
1 verbose cli [ 'node', '/usr/local/bin/npm', 'install' ]
2 info using npm@2.12.1
3 info using node@v0.12.7
4 verbose node symlink /usr/local/bin/node
5 verbose readDependencies loading dependencies from /Users/huess/www/juicyarts/tools/juicygrid/package.json
6 warn package.json juicy-grid@1.0.0 No repository field.
7 verbose install where, deps [ '/Users/huess/www/juicyarts/tools/juicygrid',
7 verbose install   [ 'browser-sync',
7 verbose install     'chromedriver',
7 verbose install     'express',
7 verbose install     'gulp',
7 verbose install     'gulp-less',
7 verbose install     'gulp-load-plugins',
7 verbose install     'gulp-nightwatch',
7 verbose install     'gulp-nodemon',
7 verbose install     'gulp-ruby-sass',
7 verbose install     'gulp-stylint',
7 verbose install     'gulp-stylus',
7 verbose install     'gulp-util',
7 verbose install     'jade',
7 verbose install     'less',
7 verbose install     'nib',
7 verbose install     'nightwatch',
7 verbose install     'run-sequence',
7 verbose install     'sass',
7 verbose install     'selenium',
7 verbose install     'stylint',
7 verbose install     'stylint-stylish',
7 verbose install     'stylus' ] ]
8 verbose install where, peers [ '/Users/huess/www/juicyarts/tools/juicygrid', [] ]
9 verbose installManyTop reading for lifecycle /Users/huess/www/juicyarts/tools/juicygrid/package.json
10 info preinstall juicy-grid@1.0.0
11 verbose installManyTop reading scoped package data from /Users/huess/www/juicyarts/tools/juicygrid/node_modules/browser-sync/package.json
12 verbose installManyTop reading scoped package data from /Users/huess/www/juicyarts/tools/juicygrid/node_modules/chromedriver/package.json
13 verbose installManyTop reading scoped package data from /Users/huess/www/juicyarts/tools/juicygrid/node_modules/express/package.json
14 verbose installManyTop reading scoped package data from /Users/huess/www/juicyarts/tools/juicygrid/node_modules/gulp/package.json
15 verbose installManyTop reading scoped package data from /Users/huess/www/juicyarts/tools/juicygrid/node_modules/gulp-less/package.json
16 verbose installManyTop reading scoped package data from /Users/huess/www/juicyarts/tools/juicygrid/node_modules/gulp-load-plugins/package.json
17 verbose installManyTop reading scoped package data from /Users/huess/www/juicyarts/tools/juicygrid/node_modules/gulp-nightwatch/package.json
18 verbose installManyTop reading scoped package data from /Users/huess/www/juicyarts/tools/juicygrid/node_modules/gulp-nodemon/package.json
19 verbose installManyTop reading scoped package data from /Users/huess/www/juicyarts/tools/juicygrid/node_modules/gulp-ruby-sass/package.json
20 verbose installManyTop reading scoped package data from /Users/huess/www/juicyarts/tools/juicygrid/node_modules/gulp-stylint/package.json
21 verbose installManyTop reading scoped package data from /Users/huess/www/juicyarts/tools/juicygrid/node_modules/gulp-stylus/package.json
22 verbose installManyTop reading scoped package data from /Users/huess/www/juicyarts/tools/juicygrid/node_modules/gulp-util/package.json
23 verbose installManyTop reading scoped package data from /Users/huess/www/juicyarts/tools/juicygrid/node_modules/jade/package.json
24 verbose installManyTop reading scoped package data from /Users/huess/www/juicyarts/tools/juicygrid/node_modules/less/package.json
25 verbose installManyTop reading scoped package data from /Users/huess/www/juicyarts/tools/juicygrid/node_modules/nib/package.json
26 verbose installManyTop reading scoped package data from /Users/huess/www/juicyarts/tools/juicygrid/node_modules/nightwatch/package.json
27 verbose installManyTop reading scoped package data from /Users/huess/www/juicyarts/tools/juicygrid/node_modules/run-sequence/package.json
28 verbose installManyTop reading scoped package data from /Users/huess/www/juicyarts/tools/juicygrid/node_modules/sass/package.json
29 verbose installManyTop reading scoped package data from /Users/huess/www/juicyarts/tools/juicygrid/node_modules/selenium/package.json
30 verbose installManyTop reading scoped package data from /Users/huess/www/juicyarts/tools/juicygrid/node_modules/stylint/package.json
31 verbose installManyTop reading scoped package data from /Users/huess/www/juicyarts/tools/juicygrid/node_modules/stylint-stylish/package.json
32 verbose installManyTop reading scoped package data from /Users/huess/www/juicyarts/tools/juicygrid/node_modules/stylus/package.json
33 info package.json chromedriver@2.20.0 No license field.
34 info package.json sass@0.5.0 No repository field.
35 info package.json sass@0.5.0 No license field.
36 info package.json nightwatch@0.8.9 No license field.
37 info package.json selenium@2.20.0 No license field.
38 verbose readDependencies loading dependencies from /Users/huess/www/juicyarts/tools/juicygrid/package.json
39 verbose targetResolver reading package data from /Users/huess/www/juicyarts/tools/juicygrid/node_modules/browser-sync/package.json
40 verbose targetResolver reading package data from /Users/huess/www/juicyarts/tools/juicygrid/node_modules/chromedriver/package.json
41 verbose targetResolver reading package data from /Users/huess/www/juicyarts/tools/juicygrid/node_modules/express/package.json
42 verbose targetResolver reading package data from /Users/huess/www/juicyarts/tools/juicygrid/node_modules/gulp/package.json
43 verbose targetResolver reading package data from /Users/huess/www/juicyarts/tools/juicygrid/node_modules/gulp-less/package.json
44 verbose targetResolver reading package data from /Users/huess/www/juicyarts/tools/juicygrid/node_modules/gulp-load-plugins/package.json
45 verbose targetResolver reading package data from /Users/huess/www/juicyarts/tools/juicygrid/node_modules/gulp-nightwatch/package.json
46 verbose targetResolver reading package data from /Users/huess/www/juicyarts/tools/juicygrid/node_modules/gulp-nodemon/package.json
47 verbose targetResolver reading package data from /Users/huess/www/juicyarts/tools/juicygrid/node_modules/gulp-ruby-sass/package.json
48 verbose targetResolver reading package data from /Users/huess/www/juicyarts/tools/juicygrid/node_modules/gulp-stylint/package.json
49 verbose targetResolver reading package data from /Users/huess/www/juicyarts/tools/juicygrid/node_modules/gulp-stylus/package.json
50 verbose targetResolver reading package data from /Users/huess/www/juicyarts/tools/juicygrid/node_modules/gulp-util/package.json
51 verbose targetResolver reading package data from /Users/huess/www/juicyarts/tools/juicygrid/node_modules/jade/package.json
52 verbose targetResolver reading package data from /Users/huess/www/juicyarts/tools/juicygrid/node_modules/less/package.json
53 verbose targetResolver reading package data from /Users/huess/www/juicyarts/tools/juicygrid/node_modules/nib/package.json
54 verbose targetResolver reading package data from /Users/huess/www/juicyarts/tools/juicygrid/node_modules/nightwatch/package.json
55 verbose targetResolver reading package data from /Users/huess/www/juicyarts/tools/juicygrid/node_modules/run-sequence/package.json
56 verbose targetResolver reading package data from /Users/huess/www/juicyarts/tools/juicygrid/node_modules/sass/package.json
57 verbose targetResolver reading package data from /Users/huess/www/juicyarts/tools/juicygrid/node_modules/selenium/package.json
58 verbose targetResolver reading package data from /Users/huess/www/juicyarts/tools/juicygrid/node_modules/stylint/package.json
59 verbose targetResolver reading package data from /Users/huess/www/juicyarts/tools/juicygrid/node_modules/stylint-stylish/package.json
60 verbose targetResolver reading package data from /Users/huess/www/juicyarts/tools/juicygrid/node_modules/stylus/package.json
61 verbose targetResolver reading package data from /Users/huess/www/juicyarts/tools/juicygrid/node_modules/.bin/browser-sync/package.json
62 verbose targetResolver reading package data from /Users/huess/www/juicyarts/tools/juicygrid/node_modules/.bin/chromedriver/package.json
63 verbose targetResolver reading package data from /Users/huess/www/juicyarts/tools/juicygrid/node_modules/.bin/gulp/package.json
64 verbose targetResolver reading package data from /Users/huess/www/juicyarts/tools/juicygrid/node_modules/.bin/jade/package.json
65 verbose targetResolver reading package data from /Users/huess/www/juicyarts/tools/juicygrid/node_modules/.bin/lessc/package.json
66 verbose targetResolver reading package data from /Users/huess/www/juicyarts/tools/juicygrid/node_modules/.bin/nightwatch/package.json
67 verbose targetResolver reading package data from /Users/huess/www/juicyarts/tools/juicygrid/node_modules/.bin/selenium/package.json
68 verbose targetResolver reading package data from /Users/huess/www/juicyarts/tools/juicygrid/node_modules/.bin/stylint/package.json
69 verbose targetResolver reading package data from /Users/huess/www/juicyarts/tools/juicygrid/node_modules/.bin/stylus/package.json
70 verbose already installed skipping gulp-nodemon@^2.0.4 /Users/huess/www/juicyarts/tools/juicygrid
71 verbose already installed skipping gulp-ruby-sass@^2.0.6 /Users/huess/www/juicyarts/tools/juicygrid
72 verbose already installed skipping gulp-stylint@^3.0.0 /Users/huess/www/juicyarts/tools/juicygrid
73 verbose already installed skipping gulp-stylus@^2.1.1 /Users/huess/www/juicyarts/tools/juicygrid
74 verbose already installed skipping gulp-util@^3.0.7 /Users/huess/www/juicyarts/tools/juicygrid
75 verbose already installed skipping jade@^1.11.0 /Users/huess/www/juicyarts/tools/juicygrid
76 verbose already installed skipping less@^2.5.3 /Users/huess/www/juicyarts/tools/juicygrid
77 verbose already installed skipping nib@^1.1.0 /Users/huess/www/juicyarts/tools/juicygrid
78 verbose already installed skipping nightwatch@^0.8.9 /Users/huess/www/juicyarts/tools/juicygrid
79 verbose already installed skipping run-sequence@^1.1.5 /Users/huess/www/juicyarts/tools/juicygrid
80 verbose already installed skipping sass@^0.5.0 /Users/huess/www/juicyarts/tools/juicygrid
81 silly cache add args [ 'selenium@^2.25.0', null ]
82 verbose cache add spec selenium@^2.25.0
83 silly cache add parsed spec { raw: 'selenium@^2.25.0',
83 silly cache add   scope: null,
83 silly cache add   name: 'selenium',
83 silly cache add   rawSpec: '^2.25.0',
83 silly cache add   spec: '>=2.25.0 <3.0.0',
83 silly cache add   type: 'range' }
84 silly addNamed selenium@>=2.25.0 <3.0.0
85 verbose addNamed ">=2.25.0 <3.0.0" is a valid semver range for selenium
86 silly addNameRange { name: 'selenium', range: '>=2.25.0 <3.0.0', hasData: false }
87 silly mapToRegistry name selenium
88 silly mapToRegistry using default registry
89 silly mapToRegistry registry https://registry.npmjs.org/
90 silly mapToRegistry uri https://registry.npmjs.org/selenium
91 verbose addNameRange registry:https://registry.npmjs.org/selenium not in flight; fetching
92 verbose already installed skipping stylint@^1.3.5 /Users/huess/www/juicyarts/tools/juicygrid
93 verbose already installed skipping stylint-stylish@^1.2.0 /Users/huess/www/juicyarts/tools/juicygrid
94 verbose already installed skipping stylus@^0.53.0 /Users/huess/www/juicyarts/tools/juicygrid
95 verbose already installed skipping browser-sync@^2.10.0 /Users/huess/www/juicyarts/tools/juicygrid
96 verbose already installed skipping chromedriver@^2.20.0 /Users/huess/www/juicyarts/tools/juicygrid
97 verbose already installed skipping express@^4.13.3 /Users/huess/www/juicyarts/tools/juicygrid
98 verbose already installed skipping gulp@^3.9.0 /Users/huess/www/juicyarts/tools/juicygrid
99 verbose already installed skipping gulp-less@^3.0.5 /Users/huess/www/juicyarts/tools/juicygrid
100 verbose already installed skipping gulp-load-plugins@^1.1.0 /Users/huess/www/juicyarts/tools/juicygrid
101 verbose already installed skipping gulp-nightwatch@^0.2.6 /Users/huess/www/juicyarts/tools/juicygrid
102 verbose request uri https://registry.npmjs.org/selenium
103 verbose request no auth needed
104 info attempt registry request try #1 at 20:44:27
105 verbose request id c874e3adc0f97a8d
106 verbose etag "7LT6XCXIC5SHN983DS49ZSXI6"
107 http request GET https://registry.npmjs.org/selenium
108 http 304 https://registry.npmjs.org/selenium
109 silly get cb [ 304,
109 silly get   { date: 'Wed, 16 Dec 2015 19:44:28 GMT',
109 silly get     via: '1.1 varnish',
109 silly get     'cache-control': 'max-age=300',
109 silly get     etag: '"7LT6XCXIC5SHN983DS49ZSXI6"',
109 silly get     age: '0',
109 silly get     connection: 'keep-alive',
109 silly get     'x-served-by': 'cache-fra1240-FRA',
109 silly get     'x-cache': 'MISS',
109 silly get     'x-cache-hits': '0',
109 silly get     'x-timer': 'S1450295068.162455,VS0,VE720',
109 silly get     vary: 'Accept' } ]
110 verbose etag https://registry.npmjs.org/selenium from cache
111 verbose get saving selenium to /Users/huess/.npm/registry.npmjs.org/selenium/.cache.json
112 silly addNameRange number 2 { name: 'selenium', range: '>=2.25.0 <3.0.0', hasData: true }
113 silly addNameRange versions [ 'selenium', [ '2.0.0', '2.20.0' ] ]
114 verbose stack Error: No compatible version found: selenium@'>=2.25.0 <3.0.0'
114 verbose stack Valid install targets:
114 verbose stack ["2.0.0","2.20.0"]
114 verbose stack
114 verbose stack     at installTargetsError (/usr/local/lib/node_modules/npm/lib/cache/add-named.js:274:12)
114 verbose stack     at next (/usr/local/lib/node_modules/npm/lib/cache/add-named.js:253:17)
114 verbose stack     at setData (/usr/local/lib/node_modules/npm/lib/cache/add-named.js:230:5)
114 verbose stack     at RES (/usr/local/lib/node_modules/npm/node_modules/inflight/inflight.js:23:14)
114 verbose stack     at f (/usr/local/lib/node_modules/npm/node_modules/once/once.js:17:25)
114 verbose stack     at fixName (/usr/local/lib/node_modules/npm/lib/cache/add-named.js:29:5)
114 verbose stack     at saved (/usr/local/lib/node_modules/npm/lib/cache/caching-client.js:173:7)
114 verbose stack     at FSReqWrap.oncomplete (fs.js:95:15)
115 verbose cwd /Users/huess/www/juicyarts/tools/juicygrid
116 error Darwin 15.0.0
117 error argv "node" "/usr/local/bin/npm" "install"
118 error node v0.12.7
119 error npm  v2.12.1
120 error code ETARGET
121 error notarget No compatible version found: selenium@'>=2.25.0 <3.0.0'
121 error notarget Valid install targets:
121 error notarget ["2.0.0","2.20.0"]
121 error notarget
121 error notarget This is most likely not a problem with npm itself.
121 error notarget In most cases you or one of your dependencies are requesting
121 error notarget a package version that doesn't exist.
121 error notarget
121 error notarget It was specified as a dependency of 'juicy-grid'
122 verbose exit [ 1, true ]
