Jan 11, 2016 2:55:21 PM org.openqa.grid.selenium.GridLauncher main
INFORMATION: Launching a standalone server
1 [main] INFO org.openqa.selenium.server.SeleniumServer - Java: Oracle Corporation 25.60-b23
1 [main] INFO org.openqa.selenium.server.SeleniumServer - OS: Mac OS X 10.11.1 x86_64
6 [main] INFO org.openqa.selenium.server.SeleniumServer - v2.20.0, with Core v2.20.0. Built from revision 16008
131 [main] INFO org.openqa.selenium.server.SeleniumServer - RemoteWebDriver instances should connect to: http://127.0.0.1:4444/wd/hub
132 [main] INFO org.openqa.jetty.http.HttpServer - Version Jetty/5.1.x
133 [main] INFO org.openqa.jetty.util.Container - Started HttpContext[/selenium-server,/selenium-server]
174 [main] INFO org.openqa.jetty.util.Container - Started org.openqa.jetty.jetty.servlet.ServletHandler@25618e91
174 [main] INFO org.openqa.jetty.util.Container - Started HttpContext[/wd,/wd]
174 [main] INFO org.openqa.jetty.util.Container - Started HttpContext[/selenium-server/driver,/selenium-server/driver]
174 [main] INFO org.openqa.jetty.util.Container - Started HttpContext[/,/]
179 [main] INFO org.openqa.jetty.http.SocketListener - Started SocketListener on 0.0.0.0:4444
179 [main] INFO org.openqa.jetty.util.Container - Started org.openqa.jetty.jetty.Server@76fb509a
14:55:22.266 INFO - Executing: [new session: {acceptSslCerts=true, name=Stylus Test, browserName=chrome, javascriptEnabled=true, platform=ANY}] at URL: /session)
Starting ChromeDriver 2.20.353124 (035346203162d32c80f1dce587c8154a1efa0c3b) on port 4861
Only local connections are allowed.
14:55:23.937 INFO - Done: /session
14:55:23.949 INFO - Executing: org.openqa.selenium.remote.server.handler.GetSessionCapabilities@645190e7 at URL: /session/1452520521904)
14:55:23.950 INFO - Done: /session/1452520521904
14:55:23.962 INFO - Executing: [set window size] at URL: /session/1452520521904/window/current/size)
14:55:24.243 INFO - Done: /session/1452520521904/window/current/size
14:55:24.247 INFO - Executing: [get: http://localhost:4000/test/stylus] at URL: /session/1452520521904/url)
14:55:24.989 INFO - Done: /session/1452520521904/url
14:55:25.003 INFO - Executing: [find elements: By.selector: body] at URL: /session/1452520521904/elements)
14:55:25.039 INFO - Done: /session/1452520521904/elements
14:55:25.043 INFO - Executing: [is displayed: 0 org.openqa.selenium.support.events.EventFiringWebDriver$EventFiringWebElement@e2d9286b] at URL: /session/1452520521904/element/0/displayed)
14:55:25.053 INFO - Done: /session/1452520521904/element/0/displayed
14:55:25.059 INFO - Executing: [set window size] at URL: /session/1452520521904/window/current/size)
14:55:25.182 INFO - Done: /session/1452520521904/window/current/size
14:55:25.186 INFO - Executing: [get title] at URL: /session/1452520521904/title)
14:55:25.192 INFO - Done: /session/1452520521904/title
14:55:25.204 INFO - Executing: [set window size] at URL: /session/1452520521904/window/current/size)
14:55:25.317 INFO - Done: /session/1452520521904/window/current/size
14:55:25.321 INFO - Executing: [find elements: By.selector: .jg-row] at URL: /session/1452520521904/elements)
14:55:25.336 INFO - Done: /session/1452520521904/elements
14:55:25.340 INFO - Executing: [get value of css property: 1 org.openqa.selenium.support.events.EventFiringWebDriver$EventFiringWebElement@e2d9286c, box-sizing] at URL: /session/1452520521904/element/1/css/box-sizing)
14:55:25.348 INFO - Done: /session/1452520521904/element/1/css/box-sizing
14:55:25.351 INFO - Executing: [find elements: By.selector: .jg-row] at URL: /session/1452520521904/elements)
14:55:25.364 INFO - Done: /session/1452520521904/elements
14:55:25.367 INFO - Executing: [get value of css property: 1 org.openqa.selenium.support.events.EventFiringWebDriver$EventFiringWebElement@e2d9286c, display] at URL: /session/1452520521904/element/1/css/display)
14:55:25.374 INFO - Done: /session/1452520521904/element/1/css/display
14:55:25.377 INFO - Executing: [find elements: By.selector: .jg-row] at URL: /session/1452520521904/elements)
14:55:25.385 INFO - Done: /session/1452520521904/elements
14:55:25.391 INFO - Executing: [get value of css property: 1 org.openqa.selenium.support.events.EventFiringWebDriver$EventFiringWebElement@e2d9286c, flex-direction] at URL: /session/1452520521904/element/1/css/flex-direction)
14:55:25.398 INFO - Done: /session/1452520521904/element/1/css/flex-direction
14:55:25.402 INFO - Executing: [find elements: By.selector: .jg-row] at URL: /session/1452520521904/elements)
14:55:25.420 INFO - Done: /session/1452520521904/elements
14:55:25.423 INFO - Executing: [get value of css property: 1 org.openqa.selenium.support.events.EventFiringWebDriver$EventFiringWebElement@e2d9286c, justify-content] at URL: /session/1452520521904/element/1/css/justify-content)
14:55:25.431 INFO - Done: /session/1452520521904/element/1/css/justify-content
14:55:25.434 INFO - Executing: [find elements: By.selector: .jg-row] at URL: /session/1452520521904/elements)
14:55:25.443 INFO - Done: /session/1452520521904/elements
14:55:25.447 INFO - Executing: [get value of css property: 1 org.openqa.selenium.support.events.EventFiringWebDriver$EventFiringWebElement@e2d9286c, flex-wrap] at URL: /session/1452520521904/element/1/css/flex-wrap)
14:55:25.454 INFO - Done: /session/1452520521904/element/1/css/flex-wrap
14:55:25.458 INFO - Executing: [find elements: By.selector: .jg-row] at URL: /session/1452520521904/elements)
14:55:25.465 INFO - Done: /session/1452520521904/elements
14:55:25.469 INFO - Executing: [get value of css property: 1 org.openqa.selenium.support.events.EventFiringWebDriver$EventFiringWebElement@e2d9286c, width] at URL: /session/1452520521904/element/1/css/width)
14:55:25.477 INFO - Done: /session/1452520521904/element/1/css/width
14:55:25.484 INFO - Executing: [delete session: 1452520521904] at URL: /session/1452520521904)
14:55:26.055 INFO - Done: /session/1452520521904
